
---- Processing MISC ----
Post ID: 4429
Post ID: 4428
Post ID: 45
Post ID: 266
Post ID: 267
Inserted - Post 4431 - nav_menu_item - 
Post ID: 671
Post ID: 3916
Post ID: 3917
Post ID: 669
Post ID: 668
---- Processing batch process for Customizer start ----
Source - https://websitedemos.net/brandstore-02/wp-content/uploads/sites/150/2018/12/logo@2x-free-img.png
Log - {"id":"760","url":"http:\/\/localhost\/archemarket\/wp-content\/uploads\/2018\/12\/logo@2x-free-img.png"}
Source - https://websitedemos.net/brandstore-02/wp-content/uploads/sites/150/2018/12/logo@2x-free-img.png
Log - {"id":"760","url":"http:\/\/localhost\/archemarket\/wp-content\/uploads\/2018\/12\/logo@2x-free-img.png"}
Inserted - Post 4433 - nav_menu_item - 
Source - https://websitedemos.net/brandstore-02/wp-content/uploads/sites/150/2018/12/logo1-free-img.png
Log - {"id":"762","url":"http:\/\/localhost\/archemarket\/wp-content\/uploads\/2018\/12\/logo1-free-img.png"}
Source - https://websitedemos.net/brandstore-02/wp-content/uploads/sites/150/2018/12/logo1@2x-free-img.png
Log - {"id":"761","url":"http:\/\/localhost\/archemarket\/wp-content\/uploads\/2018\/12\/logo1@2x-free-img.png"}
Inserted - Post 4434 - nav_menu_item - 
Inserted - Post 4435 - nav_menu_item - Men Jeans
Inserted - Post 4436 - nav_menu_item - Men Shirts
---- Processing batch process for Customizer done ----
Batch Process Complete!
Inserted - Post 4437 - nav_menu_item - Men Shoes
Inserted - Post 4438 - nav_menu_item - Men Accessories
Inserted - Post 4439 - nav_menu_item - Men Jackets
Inserted - Post 4440 - nav_menu_item - Women Jeans
Inserted - Post 4441 - nav_menu_item - Tops and Shirts
Inserted - Post 4442 - nav_menu_item - Women Jackets
Inserted - Post 4443 - nav_menu_item - Heels and Flats
Inserted - Post 4444 - nav_menu_item - Women Accessories
Inserted - Post 4445 - elementor_library - Default Kit
Inserted - Post 4446 - elementor_library - Default Kit
Inserted - Post 4447 - elementor_library - Default Kit
Inserted - Post 4448 - page - Home
Inserted - Post 4449 - page - Store
Inserted - Post 4450 - page - Cart
Inserted - Post 4451 - page - Checkout
Inserted - Post 4452 - page - My account
Inserted - Post 4453 - page - About
Inserted - Post 4454 - product - Bright Red Bag
Inserted - Post 4455 - product - Bright Gold Purse With Chain
Inserted - Post 4456 - product - Black Over-the-shoulder Handbag
Inserted - Post 4457 - product - Light Brown Purse
Inserted - Post 4458 - product - Blue Hoodie
Inserted - Post 4459 - product - Green Hoodie
Inserted - Post 4460 - product - Red Hoodie
Inserted - Post 4461 - product - DNK Green Tshirt
Inserted - Post 4462 - product - Blue Tshirt
Inserted - Post 4463 - nav_menu_item - 
Inserted - Post 4464 - page - Contact Us
Inserted - Post 4465 - nav_menu_item - 
Inserted - Post 4466 - nav_menu_item - 
Inserted - Post 4467 - nav_menu_item - 
Inserted - Post 4468 - product - Buddha Bracelet
Inserted - Post 4469 - product - Anchor Bracelet
Inserted - Post 4470 - product - Boho Bangle Bracelet
Inserted - Post 4471 - product - White Underground Tshirt
Inserted - Post 4472 - product - Purple Tshirt
Inserted - Post 4473 - product - Flamingo Tshirt
Inserted - Post 4474 - product - Gray Pattern Tshirt
Inserted - Post 4475 - product - Lemons Tshirt
Inserted - Post 4476 - product - Blue Denim Shorts
Inserted - Post 4477 - product - Slim Fit Blue Jeans
Inserted - Post 4478 - product - Basic Gray Jeans
Inserted - Post 4479 - product - Blue Denim Jeans
Inserted - Post 4480 - product - Black Hoodie
Inserted - Post 4481 - product - DNK Green Shoes
Inserted - Post 4482 - product - Dark Gray Jeans
Inserted - Post 4483 - product - Faint Washed Denim Blue Jeans
Inserted - Post 4484 - product - Dark Blue Denim Jeans
Inserted - Post 4485 - product - Dark Brown Jeans
Inserted - Post 4486 - product - DNK Blue Shoes
Inserted - Post 4487 - product - DNK Red Shoes
Inserted - Post 4488 - product - DNK Yellow Shoes
Inserted - Post 4489 - product - DNK Black Shoes
Inserted - Post 4490 - product_variation - Anchor Bracelet &#8211; Black
Inserted - Post 4491 - product_variation - Anchor Bracelet &#8211; Brown
Inserted - Post 4492 - product_variation - Anchor Bracelet &#8211; Red
Inserted - Post 4493 - product_variation - Flamingo Tshirt &#8211; Blue
Inserted - Post 4494 - product_variation - Flamingo Tshirt &#8211; Orange
Inserted - Post 4495 - product_variation - Flamingo Tshirt &#8211; Purple
Inserted - Post 4496 - product_variation - Flamingo Tshirt &#8211; Yellow
Inserted - Post 4497 - product_variation - Purple Tshirt &#8211; Blue
Inserted - Post 4498 - product_variation - Purple Tshirt &#8211; Green
Inserted - Post 4499 - product_variation - Purple Tshirt &#8211; Orange
Inserted - Post 4500 - product_variation - Gray Pattern Tshirt &#8211; Aqua
Inserted - Post 4501 - product_variation - Gray Pattern Tshirt &#8211; Blue
Inserted - Post 4502 - product_variation - Gray Pattern Tshirt &#8211; Green
Inserted - Post 4503 - product_variation - Gray Pattern Tshirt &#8211; Orange
Inserted - Post 4504 - product_variation - Gray Pattern Tshirt &#8211; Purple
Inserted - Post 4505 - product_variation - Lemons Tshirt &#8211; Blue, M
Inserted - Post 4506 - product_variation - Lemons Tshirt &#8211; Blue, L
Inserted - Post 4507 - product_variation - Lemons Tshirt &#8211; Green, M
Inserted - Post 4508 - product_variation - Lemons Tshirt &#8211; Green, L
Inserted - Post 4509 - product_variation - Boho Bangle Bracelet &#8211; Aqua
Inserted - Post 4510 - product_variation - Boho Bangle Bracelet &#8211; Green
Inserted - Post 4511 - product_variation - Boho Bangle Bracelet &#8211; Red
Inserted - Post 4512 - product_variation - Bright Red Bag &#8211; Blue
Inserted - Post 4513 - product_variation - Bright Red Bag &#8211; Orange
Inserted - Post 4514 - product_variation - Bright Red Bag &#8211; Purple
Inserted - Post 4515 - product_variation - Bright Red Bag &#8211; Red
Inserted - Post 4516 - product_variation - DNK Green Tshirt &#8211; Aqua
Inserted - Post 4517 - product_variation - DNK Green Tshirt &#8211; Blue
Inserted - Post 4518 - product_variation - DNK Green Tshirt &#8211; Green
Inserted - Post 4519 - product_variation - DNK Green Tshirt &#8211; Orange
Inserted - Post 4520 - product_variation - DNK Blue Shoes &#8211; Blue
Inserted - Post 4521 - product_variation - DNK Blue Shoes &#8211; Green
Inserted - Post 4522 - product_variation - DNK Blue Shoes &#8211; Red
Inserted - Post 4523 - product_variation - DNK Green Shoes &#8211; Aqua
Inserted - Post 4524 - product_variation - DNK Green Shoes &#8211; Blue
Inserted - Post 4525 - product_variation - DNK Green Shoes &#8211; Green
Inserted - Post 4526 - product_variation - DNK Green Shoes &#8211; Red
Inserted - Post 4527 - product_variation - Blue Tshirt &#8211; Aqua
Inserted - Post 4528 - product_variation - Blue Tshirt &#8211; Blue
Inserted - Post 4529 - product_variation - Blue Tshirt &#8211; Green
Inserted - Post 4530 - product_variation - Blue Tshirt &#8211; Red
Inserted - Post 4531 - product_variation - DNK Black Shoes &#8211; Aqua
Inserted - Post 4532 - product_variation - DNK Black Shoes &#8211; Blue
Inserted - Post 4533 - product_variation - DNK Black Shoes &#8211; Green
Inserted - Post 4534 - product_variation - DNK Black Shoes &#8211; Red
Inserted - Post 4535 - wp_global_styles - Custom Styles